@I [HLS-0] Workspace /D/xilinx_workspace/PL_AXI_DMA_Controller/solution1 opened at Tue Mar 24 02:03:11 MDT 2015
@I [HLS-100] Command "config_clock -quiet -name default -period 10 -default=false "
@I [SYN-201] Setting up clock 'default' with a period of 10ns.
@I [HLS-100] Command 'config_clock' returned 0; elapsed 9.8e-05Total elapsed time: 0.397 sec.
@I [HLS-100] Command "open_platform DefaultPlatform "
@I [HLS-100] Command 'open_platform' returned 0; elapsed 0.000148Total elapsed time: 0.398 sec.
@I [HLS-100] Command "import_lib /Xilinx/Vivado_HLS/2014.1/common/technology/xilinx/zynq/zynq "
@I [HLS-100] Command "source /Xilinx/Vivado_HLS/2014.1/common/technology/xilinx/common/xilinx.lib "
@I [HLS-100] Command "source /Xilinx/Vivado_HLS/2014.1/common/technology/xilinx/interface/xilinx_interface.lib "
@I [HLS-100] Command "source /Xilinx/Vivado_HLS/2014.1/common/technology/xilinx/interface/plb46.lib "
@I [HLS-100] Command 'ap_source' returned 0; elapsed 0.000278Total elapsed time: 0.399 sec.
@I [HLS-100] Command "source /Xilinx/Vivado_HLS/2014.1/common/technology/xilinx/interface/fsl.lib "
@I [HLS-100] Command 'ap_source' returned 0; elapsed 0.000104Total elapsed time: 0.399 sec.
@I [HLS-100] Command "source /Xilinx/Vivado_HLS/2014.1/common/technology/xilinx/interface/axi4.lib "
@I [HLS-100] Command 'ap_source' returned 0; elapsed 0.00012Total elapsed time: 0.399 sec.
@I [HLS-100] Command 'ap_source' returned 0; elapsed 0.000674Total elapsed time: 0.399 sec.
@I [HLS-100] Command "source /Xilinx/Vivado_HLS/2014.1/common/technology/xilinx/common/dsp48.lib "
@I [HLS-100] Command 'ap_source' returned 0; elapsed 6.7e-05Total elapsed time: 0.399 sec.
@I [HLS-100] Command "source /Xilinx/Vivado_HLS/2014.1/common/technology/xilinx/ip/xfft.lib "
@I [HLS-100] Command 'ap_source' returned 0; elapsed 0.000104Total elapsed time: 0.399 sec.
@I [HLS-100] Command "source /Xilinx/Vivado_HLS/2014.1/common/technology/xilinx/ip/xfir.lib "
@I [HLS-100] Command 'ap_source' returned 0; elapsed 5.3e-05Total elapsed time: 0.400 sec.
@I [HLS-100] Command 'ap_source' returned 0; elapsed 0.002365Total elapsed time: 0.401 sec.
@I [HLS-100] Command "source /Xilinx/Vivado_HLS/2014.1/common/technology/xilinx/common/xilinx_old.lib "
@I [HLS-100] Command 'ap_source' returned 0; elapsed 0.000439Total elapsed time: 0.402 sec.
@I [HLS-100] Command "source /Xilinx/Vivado_HLS/2014.1/common/technology/xilinx/common/xilinx_vivado.lib "
@I [HLS-100] Command 'ap_source' returned 0; elapsed 0.000255Total elapsed time: 0.402 sec.
@I [HLS-100] Command "source /Xilinx/Vivado_HLS/2014.1/common/technology/xilinx/common/xilinx.hlp "
@I [HLS-100] Command "source /Xilinx/Vivado_HLS/2014.1/common/technology/xilinx/common/target_info.tcl "
@I [HLS-100] Command 'ap_source' returned 0; elapsed 7.1e-05Total elapsed time: 0.404 sec.
@I [HLS-100] Command "source /Xilinx/Vivado_HLS/2014.1/common/technology/xilinx/common/dsp48.hlp "
@I [HLS-100] Command 'ap_source' returned 0; elapsed 0.000208Total elapsed time: 0.404 sec.
@I [HLS-100] Command 'ap_source' returned 0; elapsed 0.000845Total elapsed time: 0.405 sec.
@I [HLS-100] Command "source /Xilinx/Vivado_HLS/2014.1/common/technology/xilinx/zynq/dsp48e1.hlp "
@I [HLS-100] Command 'ap_source' returned 0; elapsed 5.1e-05Total elapsed time: 0.405 sec.
@I [HLS-100] Command "get_default_platform "
@I [HLS-100] Command 'get_default_platform' returned 0; elapsed 2.2e-05Total elapsed time: 0.405 sec.
@I [HLS-100] Command "config_chip_info -quiet -resource  {SLICE 13300}  {LUT 53200}     {FF 106400} {DSP48E 220}   {BRAM 280}  "
@I [HLS-100] Command 'config_chip_info' returned 0; elapsed 1.2e-05Total elapsed time: 0.405 sec.
@I [HLS-100] Command "config_chip_info -quiet -speed medium "
@I [HLS-100] Command 'config_chip_info' returned 0; elapsed 2e-06Total elapsed time: 0.405 sec.
@I [HLS-100] Command 'import_lib' returned 0; elapsed 0.007673Total elapsed time: 0.406 sec.
@I [HLS-100] Command "source /Xilinx/Vivado_HLS/2014.1/common/technology/xilinx/zynq/zynq.gen "
@I [HLS-100] Command "source /Xilinx/Vivado_HLS/2014.1/common/technology/xilinx/common/virtex.gen "
@I [HLS-100] Command "source /Xilinx/Vivado_HLS/2014.1/common/technology/xilinx/common/xilinx.gen "
@I [HLS-100] Command "source /Xilinx/Vivado_HLS/2014.1/common/technology/xilinx/interface/plb46.gen "
@I [HLS-100] Command 'ap_source' returned 0; elapsed 0.000661Total elapsed time: 0.407 sec.
@I [HLS-100] Command "source /Xilinx/Vivado_HLS/2014.1/common/technology/xilinx/interface/fsl.gen "
@I [HLS-100] Command 'ap_source' returned 0; elapsed 0.000252Total elapsed time: 0.407 sec.
@I [HLS-100] Command "source /Xilinx/Vivado_HLS/2014.1/common/technology/xilinx/interface/axi4.gen "
@I [HLS-100] Command 'ap_source' returned 0; elapsed 0.001227Total elapsed time: 0.409 sec.
@I [HLS-100] Command "source /Xilinx/Vivado_HLS/2014.1/common/technology/xilinx/interface/nativeAXI4.gen "
@I [HLS-100] Command "source /Xilinx/Vivado_HLS/2014.1/common/technology/xilinx/interface/saxilite.gen "
@I [HLS-100] Command 'ap_source' returned 0; elapsed 0.001191Total elapsed time: 0.410 sec.
@I [HLS-100] Command "source /Xilinx/Vivado_HLS/2014.1/common/technology/xilinx/interface/maxi.gen "
@I [HLS-100] Command 'ap_source' returned 0; elapsed 0.001683Total elapsed time: 0.412 sec.
@I [HLS-100] Command 'ap_source' returned 0; elapsed 0.002967Total elapsed time: 0.412 sec.
@I [HLS-100] Command "source /Xilinx/Vivado_HLS/2014.1/common/technology/xilinx/scripts/xilinxcoregen.gen "
@I [HLS-100] Command 'ap_source' returned 0; elapsed 0.004542Total elapsed time: 0.416 sec.
@I [HLS-100] Command "source /Xilinx/Vivado_HLS/2014.1/common/technology/xilinx/interface/XilEDKCoreGen.gen "
@I [HLS-100] Command 'ap_source' returned 0; elapsed 0.005164Total elapsed time: 0.421 sec.
@I [HLS-100] Command "source /Xilinx/Vivado_HLS/2014.1/common/technology/xilinx/ip/util.gen "
@I [HLS-100] Command 'ap_source' returned 0; elapsed 8.7e-05Total elapsed time: 0.422 sec.
@I [HLS-100] Command "source /Xilinx/Vivado_HLS/2014.1/common/technology/xilinx/ip/xfft.gen "
@I [HLS-100] Command 'ap_source' returned 0; elapsed 0.070354Total elapsed time: 0.492 sec.
@I [HLS-100] Command "source /Xilinx/Vivado_HLS/2014.1/common/technology/xilinx/ip/xfir.gen "
@I [HLS-100] Command "source /Xilinx/Vivado_HLS/2014.1/tps/tcl/tcllib1.11.1/struct/list.tcl "
@I [HLS-100] Command "source /Xilinx/Vivado_HLS/2014.1/tps/tcl/tcllib1.11.1/cmdline/cmdline.tcl "
@I [HLS-100] Command 'ap_source' returned 0; elapsed 0.000426Total elapsed time: 0.502 sec.
@I [HLS-100] Command 'ap_source' returned 0; elapsed 0.000962Total elapsed time: 0.502 sec.
@I [HLS-100] Command "source /Xilinx/Vivado_HLS/2014.1/tps/tcl/tcllib1.11.1/math/bignum.tcl "
@I [HLS-100] Command 'ap_source' returned 0; elapsed 0.000346Total elapsed time: 0.505 sec.
@I [HLS-100] Command 'ap_source' returned 0; elapsed 0.017877Total elapsed time: 0.510 sec.
@I [HLS-100] Command 'ap_source' returned 0; elapsed 0.103545Total elapsed time: 0.510 sec.
@I [HLS-100] Command "source /Xilinx/Vivado_HLS/2014.1/common/technology/xilinx/common/dsp48.gen "
@I [HLS-100] Command 'ap_source' returned 0; elapsed 0.000104Total elapsed time: 0.511 sec.
@I [HLS-100] Command 'ap_source' returned 0; elapsed 0.104604Total elapsed time: 0.511 sec.
@I [HLS-100] Command 'ap_source' returned 0; elapsed 0.104712Total elapsed time: 0.511 sec.
@I [HLS-100] Command "open_platform DefaultPlatform "
@I [HLS-100] Command 'open_platform' returned 0; elapsed 3.3e-05Total elapsed time: 0.511 sec.
@I [HLS-100] Command "import_lib /Xilinx/Vivado_HLS/2014.1/common/technology/xilinx/zynq/zynq_fpv6 "
@I [HLS-100] Command "source /Xilinx/Vivado_HLS/2014.1/common/technology/xilinx/common/xilinx_fpv7.lib "
@I [HLS-100] Command "source /Xilinx/Vivado_HLS/2014.1/common/technology/xilinx/common/xilinx_fpv6.lib "
@I [HLS-100] Command 'ap_source' returned 0; elapsed 0.00066Total elapsed time: 0.512 sec.
@I [HLS-100] Command 'ap_source' returned 0; elapsed 0.001797Total elapsed time: 0.513 sec.
@I [HLS-100] Command 'import_lib' returned 0; elapsed 0.007805Total elapsed time: 0.519 sec.
@I [HLS-100] Command "source /Xilinx/Vivado_HLS/2014.1/common/technology/xilinx/zynq/zynq_fpv6.gen "
@I [HLS-100] Command "source /Xilinx/Vivado_HLS/2014.1/common/technology/xilinx/common/xilinx_fpv6.gen "
@I [HLS-100] Command 'ap_source' returned 0; elapsed 0.000784Total elapsed time: 0.520 sec.
@I [HLS-100] Command 'ap_source' returned 0; elapsed 0.000882Total elapsed time: 0.520 sec.
@I [HLS-100] Command "set_part xc7z020clg484-1 "
@I [HLS-100] Command "add_library xilinx/zynq/zynq:xc7z020:clg484:-1 "
@I [HLS-100] Command "get_default_platform "
@I [HLS-100] Command 'get_default_platform' returned 0; elapsed 4e-06Total elapsed time: 0.522 sec.
@I [HLS-100] Command "license_exists VIVADO_HLS "
@I [HLS-100] Command 'license_exists' returned 0; elapsed 3.3e-05Total elapsed time: 0.522 sec.
@I [HLS-100] Command "get_default_platform "
@I [HLS-100] Command 'get_default_platform' returned 0; elapsed 2e-06Total elapsed time: 0.523 sec.
@I [HLS-100] Command "config_chip_info -quiet -resource  {SLICE 13300}  {LUT 53200}     {FF 106400} {DSP48E 220}   {BRAM 280}  "
@I [HLS-100] Command 'config_chip_info' returned 0; elapsed 1e-05Total elapsed time: 0.523 sec.
@I [HLS-100] Command "config_chip_info -quiet -speed slow "
@I [HLS-100] Command 'config_chip_info' returned 0; elapsed 3e-06Total elapsed time: 0.523 sec.
@I [HLS-100] Command 'add_library' returned 0; elapsed 0.001435Total elapsed time: 0.524 sec.
@I [HLS-100] Command "add_library xilinx/zynq/zynq_fpv6 "
@I [HLS-100] Command "get_default_platform "
@I [HLS-100] Command 'get_default_platform' returned 0; elapsed 3e-06Total elapsed time: 0.524 sec.
@I [HLS-100] Command "license_exists VIVADO_HLS "
@I [HLS-100] Command 'license_exists' returned 0; elapsed 3e-06Total elapsed time: 0.524 sec.
@I [HLS-100] Command 'add_library' returned 0; elapsed 0.000891Total elapsed time: 0.525 sec.
@I [HLS-10] Setting target device to 'xc7z020clg484-1'
@I [HLS-100] Command 'set_part' returned 0; elapsed 0.004015Total elapsed time: 0.525 sec.
@I [HLS-100] Command "get_default_platform "
@I [HLS-100] Command 'get_default_platform' returned 0; elapsed 2e-06Total elapsed time: 0.525 sec.
@I [HLS-100] Command "config_chip_info -quiet -resource  {SLICE 13300}  {LUT 53200}     {FF 106400} {DSP48E 220}   {BRAM 280}  "
@I [HLS-100] Command 'config_chip_info' returned 0; elapsed 6e-06Total elapsed time: 0.525 sec.
@I [HLS-100] Command "config_chip_info -quiet -speed slow "
@I [HLS-100] Command 'config_chip_info' returned 0; elapsed 2e-06Total elapsed time: 0.525 sec.
@I [HLS-100] Command 'open_solution' returned 0; elapsed 0.130218Total elapsed time: 0.525 sec.
@I [HLS-100] Command "export_design -format ip_catalog "
@I [HLS-100] Command "source /D/xilinx_workspace/PL_AXI_DMA_Controller/solution1/.autopilot/db/global.setting.tcl "
@I [HLS-100] Command 'ap_source' returned 0; elapsed 0.000157Total elapsed time: 0.529 sec.
@I [HLS-100] Command "source /Xilinx/Vivado_HLS/2014.1/common/technology/generic/autopilot/common.gen "
@I [HLS-100] Command "source /Xilinx/Vivado_HLS/2014.1/common/technology/generic/autopilot/APCoreGen.gen "
@I [HLS-100] Command 'ap_source' returned 0; elapsed 0.000344Total elapsed time: 0.532 sec.
@I [HLS-100] Command 'ap_source' returned 0; elapsed 0.000673Total elapsed time: 0.532 sec.
@I [HLS-100] Command "source /Xilinx/Vivado_HLS/2014.1/common/technology/generic/autopilot/op.gen "
@I [HLS-100] Command 'ap_source' returned 0; elapsed 0.000171Total elapsed time: 0.533 sec.
@I [HLS-100] Command "source /Xilinx/Vivado_HLS/2014.1/common/technology/generic/autopilot/op_simcore.gen "
@I [HLS-100] Command 'ap_source' returned 0; elapsed 0.000463Total elapsed time: 0.533 sec.
@I [HLS-100] Command "source /Xilinx/Vivado_HLS/2014.1/common/technology/generic/autopilot/interface.gen "
@I [HLS-100] Command 'ap_source' returned 0; elapsed 4.8e-05Total elapsed time: 0.533 sec.
@I [HLS-100] Command "source /D/xilinx_workspace/PL_AXI_DMA_Controller/solution1/.autopilot/db/global.setting.tcl "
@I [HLS-100] Command 'ap_source' returned 0; elapsed 0.000152Total elapsed time: 0.533 sec.
@I [HLS-100] Command "source /Xilinx/Vivado_HLS/2014.1/common/technology/xilinx/zynq/zynq.gen "
@I [HLS-100] Command "source /Xilinx/Vivado_HLS/2014.1/common/technology/xilinx/common/virtex.gen "
@I [HLS-100] Command "source /Xilinx/Vivado_HLS/2014.1/common/technology/xilinx/common/xilinx.gen "
@I [HLS-100] Command "source /Xilinx/Vivado_HLS/2014.1/common/technology/xilinx/interface/plb46.gen "
@I [HLS-100] Command 'ap_source' returned 0; elapsed 0.000714Total elapsed time: 0.535 sec.
@I [HLS-100] Command "source /Xilinx/Vivado_HLS/2014.1/common/technology/xilinx/interface/fsl.gen "
@I [HLS-100] Command 'ap_source' returned 0; elapsed 0.000287Total elapsed time: 0.535 sec.
@I [HLS-100] Command "source /Xilinx/Vivado_HLS/2014.1/common/technology/xilinx/interface/axi4.gen "
@I [HLS-100] Command 'ap_source' returned 0; elapsed 0.001333Total elapsed time: 0.536 sec.
@I [HLS-100] Command "source /Xilinx/Vivado_HLS/2014.1/common/technology/xilinx/interface/nativeAXI4.gen "
@I [HLS-100] Command "source /Xilinx/Vivado_HLS/2014.1/common/technology/xilinx/interface/saxilite.gen "
@I [HLS-100] Command 'ap_source' returned 0; elapsed 0.001296Total elapsed time: 0.538 sec.
@I [HLS-100] Command "source /Xilinx/Vivado_HLS/2014.1/common/technology/xilinx/interface/maxi.gen "
@I [HLS-100] Command 'ap_source' returned 0; elapsed 0.001595Total elapsed time: 0.539 sec.
@I [HLS-100] Command 'ap_source' returned 0; elapsed 0.002987Total elapsed time: 0.539 sec.
@I [HLS-100] Command "source /Xilinx/Vivado_HLS/2014.1/common/technology/xilinx/scripts/xilinxcoregen.gen "
@I [HLS-100] Command 'ap_source' returned 0; elapsed 0.004381Total elapsed time: 0.544 sec.
@I [HLS-100] Command "source /Xilinx/Vivado_HLS/2014.1/common/technology/xilinx/interface/XilEDKCoreGen.gen "
@I [HLS-100] Command 'ap_source' returned 0; elapsed 0.005033Total elapsed time: 0.549 sec.
@I [HLS-100] Command "source /Xilinx/Vivado_HLS/2014.1/common/technology/xilinx/ip/util.gen "
@I [HLS-100] Command 'ap_source' returned 0; elapsed 7.3e-05Total elapsed time: 0.549 sec.
@I [HLS-100] Command "source /Xilinx/Vivado_HLS/2014.1/common/technology/xilinx/ip/xfft.gen "
@I [HLS-100] Command 'ap_source' returned 0; elapsed 0.066396Total elapsed time: 0.615 sec.
@I [HLS-100] Command "source /Xilinx/Vivado_HLS/2014.1/common/technology/xilinx/ip/xfir.gen "
@I [HLS-100] Command 'ap_source' returned 0; elapsed 0.015678Total elapsed time: 0.631 sec.
@I [HLS-100] Command 'ap_source' returned 0; elapsed 0.097278Total elapsed time: 0.631 sec.
@I [HLS-100] Command "source /Xilinx/Vivado_HLS/2014.1/common/technology/xilinx/common/dsp48.gen "
@I [HLS-100] Command 'ap_source' returned 0; elapsed 0.0001Total elapsed time: 0.632 sec.
@I [HLS-100] Command 'ap_source' returned 0; elapsed 0.098359Total elapsed time: 0.632 sec.
@I [HLS-100] Command 'ap_source' returned 0; elapsed 0.098429Total elapsed time: 0.632 sec.
@I [HLS-100] Command "source /Xilinx/Vivado_HLS/2014.1/common/technology/xilinx/zynq/zynq_fpv6.gen "
@I [HLS-100] Command "source /Xilinx/Vivado_HLS/2014.1/common/technology/xilinx/common/xilinx_fpv6.gen "
@I [HLS-100] Command 'ap_source' returned 0; elapsed 0.000814Total elapsed time: 0.633 sec.
@I [HLS-100] Command 'ap_source' returned 0; elapsed 0.000884Total elapsed time: 0.633 sec.
@I [HLS-100] Command "source /D/xilinx_workspace/PL_AXI_DMA_Controller/solution1/.autopilot/db/global.setting.tcl "
@I [HLS-100] Command 'ap_source' returned 0; elapsed 0.000172Total elapsed time: 0.633 sec.
@I [IMPL-8] Exporting RTL as an IP in IP-XACT.
@I [HLS-100] Command "source /D/xilinx_workspace/PL_AXI_DMA_Controller/solution1/.autopilot/db/global.setting.tcl "
@I [HLS-100] Command 'ap_source' returned 0; elapsed 0.000202Total elapsed time: 0.635 sec.
@I [HLS-100] Command "source /D/xilinx_workspace/PL_AXI_DMA_Controller/solution1/.autopilot/db/global.setting.tcl "
@I [HLS-100] Command 'ap_source' returned 0; elapsed 0.000157Total elapsed time: 0.638 sec.
@I [HLS-100] Command "source /Xilinx/Vivado_HLS/2014.1/common/technology/generic/autopilot/common.gen "
@I [HLS-100] Command "source /Xilinx/Vivado_HLS/2014.1/common/technology/generic/autopilot/APCoreGen.gen "
@I [HLS-100] Command 'ap_source' returned 0; elapsed 0.000356Total elapsed time: 0.639 sec.
@I [HLS-100] Command 'ap_source' returned 0; elapsed 0.000719Total elapsed time: 0.639 sec.
@I [HLS-100] Command "source /Xilinx/Vivado_HLS/2014.1/common/technology/generic/autopilot/op.gen "
@I [HLS-100] Command 'ap_source' returned 0; elapsed 0.000178Total elapsed time: 0.639 sec.
@I [HLS-100] Command "source /Xilinx/Vivado_HLS/2014.1/common/technology/generic/autopilot/op_simcore.gen "
@I [HLS-100] Command 'ap_source' returned 0; elapsed 0.000474Total elapsed time: 0.640 sec.
@I [HLS-100] Command "source /Xilinx/Vivado_HLS/2014.1/common/technology/generic/autopilot/interface.gen "
@I [HLS-100] Command 'ap_source' returned 0; elapsed 5.4e-05Total elapsed time: 0.640 sec.
@I [HLS-100] Command "source /D/xilinx_workspace/PL_AXI_DMA_Controller/solution1/.autopilot/db/global.setting.tcl "
@I [HLS-100] Command 'ap_source' returned 0; elapsed 0.000148Total elapsed time: 0.640 sec.
@I [HLS-100] Command "source /Xilinx/Vivado_HLS/2014.1/common/technology/xilinx/zynq/zynq.gen "
@I [HLS-100] Command "source /Xilinx/Vivado_HLS/2014.1/common/technology/xilinx/common/virtex.gen "
@I [HLS-100] Command "source /Xilinx/Vivado_HLS/2014.1/common/technology/xilinx/common/xilinx.gen "
@I [HLS-100] Command "source /Xilinx/Vivado_HLS/2014.1/common/technology/xilinx/interface/plb46.gen "
@I [HLS-100] Command 'ap_source' returned 0; elapsed 0.000628Total elapsed time: 0.641 sec.
@I [HLS-100] Command "source /Xilinx/Vivado_HLS/2014.1/common/technology/xilinx/interface/fsl.gen "
@I [HLS-100] Command 'ap_source' returned 0; elapsed 0.000282Total elapsed time: 0.641 sec.
@I [HLS-100] Command "source /Xilinx/Vivado_HLS/2014.1/common/technology/xilinx/interface/axi4.gen "
@I [HLS-100] Command 'ap_source' returned 0; elapsed 0.001323Total elapsed time: 0.643 sec.
@I [HLS-100] Command "source /Xilinx/Vivado_HLS/2014.1/common/technology/xilinx/interface/nativeAXI4.gen "
@I [HLS-100] Command "source /Xilinx/Vivado_HLS/2014.1/common/technology/xilinx/interface/saxilite.gen "
@I [HLS-100] Command 'ap_source' returned 0; elapsed 0.001196Total elapsed time: 0.644 sec.
@I [HLS-100] Command "source /Xilinx/Vivado_HLS/2014.1/common/technology/xilinx/interface/maxi.gen "
@I [HLS-100] Command 'ap_source' returned 0; elapsed 0.001583Total elapsed time: 0.646 sec.
@I [HLS-100] Command 'ap_source' returned 0; elapsed 0.002876Total elapsed time: 0.646 sec.
@I [HLS-100] Command "source /Xilinx/Vivado_HLS/2014.1/common/technology/xilinx/scripts/xilinxcoregen.gen "
@I [HLS-100] Command 'ap_source' returned 0; elapsed 0.004281Total elapsed time: 0.650 sec.
@I [HLS-100] Command "source /Xilinx/Vivado_HLS/2014.1/common/technology/xilinx/interface/XilEDKCoreGen.gen "
@I [HLS-100] Command 'ap_source' returned 0; elapsed 0.005105Total elapsed time: 0.655 sec.
@I [HLS-100] Command "source /Xilinx/Vivado_HLS/2014.1/common/technology/xilinx/ip/util.gen "
@I [HLS-100] Command 'ap_source' returned 0; elapsed 8.3e-05Total elapsed time: 0.655 sec.
@I [HLS-100] Command "source /Xilinx/Vivado_HLS/2014.1/common/technology/xilinx/ip/xfft.gen "
@I [HLS-100] Command 'ap_source' returned 0; elapsed 0.067059Total elapsed time: 0.722 sec.
@I [HLS-100] Command "source /Xilinx/Vivado_HLS/2014.1/common/technology/xilinx/ip/xfir.gen "
@I [HLS-100] Command 'ap_source' returned 0; elapsed 0.01546Total elapsed time: 0.738 sec.
@I [HLS-100] Command 'ap_source' returned 0; elapsed 0.097513Total elapsed time: 0.738 sec.
@I [HLS-100] Command "source /Xilinx/Vivado_HLS/2014.1/common/technology/xilinx/common/dsp48.gen "
@I [HLS-100] Command 'ap_source' returned 0; elapsed 9.9e-05Total elapsed time: 0.739 sec.
@I [HLS-100] Command 'ap_source' returned 0; elapsed 0.098482Total elapsed time: 0.739 sec.
@I [HLS-100] Command 'ap_source' returned 0; elapsed 0.098549Total elapsed time: 0.739 sec.
@I [HLS-100] Command "source /Xilinx/Vivado_HLS/2014.1/common/technology/xilinx/zynq/zynq_fpv6.gen "
@I [HLS-100] Command "source /Xilinx/Vivado_HLS/2014.1/common/technology/xilinx/common/xilinx_fpv6.gen "
@I [HLS-100] Command 'ap_source' returned 0; elapsed 0.000784Total elapsed time: 0.740 sec.
@I [HLS-100] Command 'ap_source' returned 0; elapsed 0.000854Total elapsed time: 0.740 sec.
@I [HLS-100] Command "source /D/xilinx_workspace/PL_AXI_DMA_Controller/solution1/.autopilot/db/pl_axi_dma_controller.compgen.tcl "
@I [HLS-100] Command 'ap_source' returned 0; elapsed 0.000176Total elapsed time: 0.741 sec.
@I [HLS-100] Command "source /D/xilinx_workspace/PL_AXI_DMA_Controller/solution1/.autopilot/db/pl_axi_dma_controller.compgen.tcl "
@I [HLS-100] Command "source /D/xilinx_workspace/PL_AXI_DMA_Controller/solution1/.autopilot/db/pl_axi_dma_controller.rtl_wrap.cfg.tcl "
@I [HLS-100] Command 'ap_source' returned 0; elapsed 0.000932Total elapsed time: 0.748 sec.
@I [HLS-100] Command "source /D/xilinx_workspace/PL_AXI_DMA_Controller/solution1/.autopilot/db/pl_axi_dma_controller.rtl_wrap.cfg.tcl "
@I [HLS-100] Command 'ap_source' returned 0; elapsed 0.000767Total elapsed time: 0.749 sec.
@I [HLS-100] Command "source /D/xilinx_workspace/PL_AXI_DMA_Controller/solution1/.autopilot/db/pl_axi_dma_controller.tbgen.tcl "
@I [HLS-100] Command 'ap_source' returned 0; elapsed 0.000225Total elapsed time: 0.749 sec.
@I [HLS-100] Command "source /D/xilinx_workspace/PL_AXI_DMA_Controller/solution1/.autopilot/db/pl_axi_dma_controller.tbgen.tcl "
@I [HLS-100] Command 'ap_source' returned 0; elapsed 0.000199Total elapsed time: 0.750 sec.
@I [HLS-100] Command 'ap_source' returned 0; elapsed 0.044797Total elapsed time: 0.792 sec.
@I [HLS-100] Command "source /D/xilinx_workspace/PL_AXI_DMA_Controller/solution1/.autopilot/db/pl_axi_dma_controller.compgen.tcl "
@I [HLS-100] Command 'ap_source' returned 0; elapsed 0.000241Total elapsed time: 0.903 sec.
@I [HLS-100] Command "source /D/xilinx_workspace/PL_AXI_DMA_Controller/solution1/.autopilot/db/global.setting.tcl "
@I [HLS-100] Command 'ap_source' returned 0; elapsed 0.000154Total elapsed time: 0.958 sec.
@I [HLS-100] Command "source /D/xilinx_workspace/PL_AXI_DMA_Controller/solution1/.autopilot/db/pl_axi_dma_controller.constraint.tcl "
@I [HLS-100] Command 'ap_source' returned 0; elapsed 0.000109Total elapsed time: 0.959 sec.
@I [HLS-100] Command "source /D/xilinx_workspace/PL_AXI_DMA_Controller/solution1/.autopilot/db/pl_axi_dma_controller.rtl_wrap.cfg.tcl "
@I [HLS-100] Command 'ap_source' returned 0; elapsed 0.000777Total elapsed time: 0.989 sec.
@I [HLS-100] Command "source /D/xilinx_workspace/PL_AXI_DMA_Controller/solution1/.autopilot/db/pl_axi_dma_controller.rtl_wrap.cfg.tcl "
@I [HLS-100] Command 'ap_source' returned 0; elapsed 0.000826Total elapsed time: 0.990 sec.
@I [HLS-100] Command "source /D/xilinx_workspace/PL_AXI_DMA_Controller/solution1/.autopilot/db/pl_axi_dma_controller.tbgen.tcl "
@I [HLS-100] Command 'ap_source' returned 0; elapsed 0.000225Total elapsed time: 0.991 sec.
@I [HLS-100] Command "source /D/xilinx_workspace/PL_AXI_DMA_Controller/solution1/.autopilot/db/pl_axi_dma_controller.tbgen.tcl "
@I [HLS-100] Command 'ap_source' returned 0; elapsed 0.000219Total elapsed time: 0.991 sec.
@I [HLS-100] Command "source /D/xilinx_workspace/PL_AXI_DMA_Controller/solution1/.autopilot/db/pl_axi_dma_controller.rtl_wrap.cfg.tcl "
@I [HLS-100] Command 'ap_source' returned 0; elapsed 0.000723Total elapsed time: 1.40 sec.
@I [HLS-100] Command "source /D/xilinx_workspace/PL_AXI_DMA_Controller/solution1/.autopilot/db/pl_axi_dma_controller.rtl_wrap.cfg.tcl "
@I [HLS-100] Command 'ap_source' returned 0; elapsed 0.000758Total elapsed time: 1.41 sec.
@I [HLS-100] Command "source /D/xilinx_workspace/PL_AXI_DMA_Controller/solution1/.autopilot/db/pl_axi_dma_controller.tbgen.tcl "
@I [HLS-100] Command 'ap_source' returned 0; elapsed 0.000195Total elapsed time: 1.41 sec.
@I [HLS-100] Command "source /D/xilinx_workspace/PL_AXI_DMA_Controller/solution1/.autopilot/db/pl_axi_dma_controller.tbgen.tcl "
@I [HLS-100] Command 'ap_source' returned 0; elapsed 0.000188Total elapsed time: 1.41 sec.
@I [HLS-100] Command "source /D/xilinx_workspace/PL_AXI_DMA_Controller/solution1/.autopilot/db/global.setting.tcl "
@I [HLS-100] Command 'ap_source' returned 0; elapsed 0.000241Total elapsed time: 1.90 sec.
@I [HLS-100] Command "source /D/xilinx_workspace/PL_AXI_DMA_Controller/solution1/.autopilot/db/global.setting.tcl "
@I [HLS-100] Command 'ap_source' returned 0; elapsed 0.00014Total elapsed time: 1.98 sec.
@I [HLS-100] Command "source /D/xilinx_workspace/PL_AXI_DMA_Controller/solution1/.autopilot/db/pl_axi_dma_controller.constraint.tcl "
@I [HLS-100] Command 'ap_source' returned 0; elapsed 0.000107Total elapsed time: 1.99 sec.
@I [HLS-100] Command "source /D/xilinx_workspace/PL_AXI_DMA_Controller/solution1/.autopilot/db/pl_axi_dma_controller.constraint.tcl "
@I [HLS-100] Command 'ap_source' returned 0; elapsed 0.000102Total elapsed time: 1.99 sec.
@I [HLS-100] Command "source /Xilinx/Vivado_HLS/2014.1/common/technology/generic/autopilot/common.gen "
@I [HLS-100] Command "source /Xilinx/Vivado_HLS/2014.1/common/technology/generic/autopilot/APCoreGen.gen "
@I [HLS-100] Command 'ap_source' returned 0; elapsed 0.000476Total elapsed time: 1.103 sec.
@I [HLS-100] Command 'ap_source' returned 0; elapsed 0.000987Total elapsed time: 1.104 sec.
@I [HLS-100] Command "source /Xilinx/Vivado_HLS/2014.1/common/technology/generic/autopilot/op.gen "
@I [HLS-100] Command 'ap_source' returned 0; elapsed 0.000224Total elapsed time: 1.104 sec.
@I [HLS-100] Command "source /Xilinx/Vivado_HLS/2014.1/common/technology/generic/autopilot/op_simcore.gen "
@I [HLS-100] Command 'ap_source' returned 0; elapsed 0.000539Total elapsed time: 1.104 sec.
@I [HLS-100] Command "source /Xilinx/Vivado_HLS/2014.1/common/technology/generic/autopilot/interface.gen "
@I [HLS-100] Command 'ap_source' returned 0; elapsed 6.3e-05Total elapsed time: 1.105 sec.
@I [HLS-100] Command "source /D/xilinx_workspace/PL_AXI_DMA_Controller/solution1/.autopilot/db/global.setting.tcl "
@I [HLS-100] Command 'ap_source' returned 0; elapsed 0.000156Total elapsed time: 1.105 sec.
@I [HLS-100] Command "source /Xilinx/Vivado_HLS/2014.1/common/technology/xilinx/zynq/zynq.gen "
@I [HLS-100] Command "source /Xilinx/Vivado_HLS/2014.1/common/technology/xilinx/common/virtex.gen "
@I [HLS-100] Command "source /Xilinx/Vivado_HLS/2014.1/common/technology/xilinx/common/xilinx.gen "
@I [HLS-100] Command "source /Xilinx/Vivado_HLS/2014.1/common/technology/xilinx/interface/plb46.gen "
@I [HLS-100] Command 'ap_source' returned 0; elapsed 0.000644Total elapsed time: 1.106 sec.
@I [HLS-100] Command "source /Xilinx/Vivado_HLS/2014.1/common/technology/xilinx/interface/fsl.gen "
@I [HLS-100] Command 'ap_source' returned 0; elapsed 0.000288Total elapsed time: 1.106 sec.
@I [HLS-100] Command "source /Xilinx/Vivado_HLS/2014.1/common/technology/xilinx/interface/axi4.gen "
@I [HLS-100] Command 'ap_source' returned 0; elapsed 0.001404Total elapsed time: 1.108 sec.
@I [HLS-100] Command "source /Xilinx/Vivado_HLS/2014.1/common/technology/xilinx/interface/nativeAXI4.gen "
@I [HLS-100] Command "source /Xilinx/Vivado_HLS/2014.1/common/technology/xilinx/interface/saxilite.gen "
@I [HLS-100] Command 'ap_source' returned 0; elapsed 0.001253Total elapsed time: 1.109 sec.
@I [HLS-100] Command "source /Xilinx/Vivado_HLS/2014.1/common/technology/xilinx/interface/maxi.gen "
@I [HLS-100] Command 'ap_source' returned 0; elapsed 0.001748Total elapsed time: 1.111 sec.
@I [HLS-100] Command 'ap_source' returned 0; elapsed 0.0031Total elapsed time: 1.111 sec.
@I [HLS-100] Command "source /Xilinx/Vivado_HLS/2014.1/common/technology/xilinx/scripts/xilinxcoregen.gen "
@I [HLS-100] Command 'ap_source' returned 0; elapsed 0.004714Total elapsed time: 1.115 sec.
@I [HLS-100] Command "source /Xilinx/Vivado_HLS/2014.1/common/technology/xilinx/interface/XilEDKCoreGen.gen "
@I [HLS-100] Command 'ap_source' returned 0; elapsed 0.005796Total elapsed time: 1.121 sec.
@I [HLS-100] Command "source /Xilinx/Vivado_HLS/2014.1/common/technology/xilinx/ip/util.gen "
@I [HLS-100] Command 'ap_source' returned 0; elapsed 7.9e-05Total elapsed time: 1.121 sec.
@I [HLS-100] Command "source /Xilinx/Vivado_HLS/2014.1/common/technology/xilinx/ip/xfft.gen "
@I [HLS-100] Command 'ap_source' returned 0; elapsed 0.066513Total elapsed time: 1.188 sec.
@I [HLS-100] Command "source /Xilinx/Vivado_HLS/2014.1/common/technology/xilinx/ip/xfir.gen "
@I [HLS-100] Command 'ap_source' returned 0; elapsed 0.015964Total elapsed time: 1.204 sec.
@I [HLS-100] Command 'ap_source' returned 0; elapsed 0.098942Total elapsed time: 1.204 sec.
@I [HLS-100] Command "source /Xilinx/Vivado_HLS/2014.1/common/technology/xilinx/common/dsp48.gen "
@I [HLS-100] Command 'ap_source' returned 0; elapsed 9.4e-05Total elapsed time: 1.205 sec.
@I [HLS-100] Command 'ap_source' returned 0; elapsed 0.099944Total elapsed time: 1.205 sec.
@I [HLS-100] Command 'ap_source' returned 0; elapsed 0.100022Total elapsed time: 1.205 sec.
@I [HLS-100] Command "source /Xilinx/Vivado_HLS/2014.1/common/technology/xilinx/zynq/zynq_fpv6.gen "
@I [HLS-100] Command "source /Xilinx/Vivado_HLS/2014.1/common/technology/xilinx/common/xilinx_fpv6.gen "
@I [HLS-100] Command 'ap_source' returned 0; elapsed 0.000773Total elapsed time: 1.206 sec.
@I [HLS-100] Command 'ap_source' returned 0; elapsed 0.000845Total elapsed time: 1.206 sec.
@I [HLS-100] Command "source /D/xilinx_workspace/PL_AXI_DMA_Controller/solution1/.autopilot/db/global.setting.tcl "
@I [HLS-100] Command 'ap_source' returned 0; elapsed 0.000244Total elapsed time: 10.132 sec.
@I [HLS-100] Command "source /Xilinx/Vivado_HLS/2014.1/common/technology/generic/autopilot/common.gen "
@I [HLS-100] Command "source /Xilinx/Vivado_HLS/2014.1/common/technology/generic/autopilot/APCoreGen.gen "
@I [HLS-100] Command 'ap_source' returned 0; elapsed 0.000469Total elapsed time: 10.136 sec.
@I [HLS-100] Command 'ap_source' returned 0; elapsed 0.000994Total elapsed time: 10.136 sec.
@I [HLS-100] Command "source /Xilinx/Vivado_HLS/2014.1/common/technology/generic/autopilot/op.gen "
@I [HLS-100] Command 'ap_source' returned 0; elapsed 0.000243Total elapsed time: 10.137 sec.
@I [HLS-100] Command "source /Xilinx/Vivado_HLS/2014.1/common/technology/generic/autopilot/op_simcore.gen "
@I [HLS-100] Command 'ap_source' returned 0; elapsed 0.000709Total elapsed time: 10.138 sec.
@I [HLS-100] Command "source /Xilinx/Vivado_HLS/2014.1/common/technology/generic/autopilot/interface.gen "
@I [HLS-100] Command 'ap_source' returned 0; elapsed 7.7e-05Total elapsed time: 10.138 sec.
@I [HLS-100] Command "source /D/xilinx_workspace/PL_AXI_DMA_Controller/solution1/.autopilot/db/global.setting.tcl "
@I [HLS-100] Command 'ap_source' returned 0; elapsed 0.000176Total elapsed time: 10.138 sec.
@I [HLS-100] Command "source /Xilinx/Vivado_HLS/2014.1/common/technology/xilinx/zynq/zynq.gen "
@I [HLS-100] Command "source /Xilinx/Vivado_HLS/2014.1/common/technology/xilinx/common/virtex.gen "
@I [HLS-100] Command "source /Xilinx/Vivado_HLS/2014.1/common/technology/xilinx/common/xilinx.gen "
@I [HLS-100] Command "source /Xilinx/Vivado_HLS/2014.1/common/technology/xilinx/interface/plb46.gen "
@I [HLS-100] Command 'ap_source' returned 0; elapsed 0.001077Total elapsed time: 10.140 sec.
@I [HLS-100] Command "source /Xilinx/Vivado_HLS/2014.1/common/technology/xilinx/interface/fsl.gen "
@I [HLS-100] Command 'ap_source' returned 0; elapsed 0.000544Total elapsed time: 10.140 sec.
@I [HLS-100] Command "source /Xilinx/Vivado_HLS/2014.1/common/technology/xilinx/interface/axi4.gen "
@I [HLS-100] Command 'ap_source' returned 0; elapsed 0.002575Total elapsed time: 10.143 sec.
@I [HLS-100] Command "source /Xilinx/Vivado_HLS/2014.1/common/technology/xilinx/interface/nativeAXI4.gen "
@I [HLS-100] Command "source /Xilinx/Vivado_HLS/2014.1/common/technology/xilinx/interface/saxilite.gen "
@I [HLS-100] Command 'ap_source' returned 0; elapsed 0.002213Total elapsed time: 10.145 sec.
@I [HLS-100] Command "source /Xilinx/Vivado_HLS/2014.1/common/technology/xilinx/interface/maxi.gen "
@I [HLS-100] Command 'ap_source' returned 0; elapsed 0.002451Total elapsed time: 10.148 sec.
@I [HLS-100] Command 'ap_source' returned 0; elapsed 0.004861Total elapsed time: 10.148 sec.
@I [HLS-100] Command "source /Xilinx/Vivado_HLS/2014.1/common/technology/xilinx/scripts/xilinxcoregen.gen "
@I [HLS-100] Command 'ap_source' returned 0; elapsed 0.00544Total elapsed time: 10.153 sec.
@I [HLS-100] Command "source /Xilinx/Vivado_HLS/2014.1/common/technology/xilinx/interface/XilEDKCoreGen.gen "
@I [HLS-100] Command 'ap_source' returned 0; elapsed 0.005296Total elapsed time: 10.159 sec.
@I [HLS-100] Command "source /Xilinx/Vivado_HLS/2014.1/common/technology/xilinx/ip/util.gen "
@I [HLS-100] Command 'ap_source' returned 0; elapsed 8e-05Total elapsed time: 10.159 sec.
@I [HLS-100] Command "source /Xilinx/Vivado_HLS/2014.1/common/technology/xilinx/ip/xfft.gen "
@I [HLS-100] Command 'ap_source' returned 0; elapsed 0.064796Total elapsed time: 10.224 sec.
@I [HLS-100] Command "source /Xilinx/Vivado_HLS/2014.1/common/technology/xilinx/ip/xfir.gen "
@I [HLS-100] Command 'ap_source' returned 0; elapsed 0.016407Total elapsed time: 10.240 sec.
@I [HLS-100] Command 'ap_source' returned 0; elapsed 0.1017Total elapsed time: 10.240 sec.
@I [HLS-100] Command "source /Xilinx/Vivado_HLS/2014.1/common/technology/xilinx/common/dsp48.gen "
@I [HLS-100] Command 'ap_source' returned 0; elapsed 0.00011Total elapsed time: 10.241 sec.
@I [HLS-100] Command 'ap_source' returned 0; elapsed 0.102843Total elapsed time: 10.241 sec.
@I [HLS-100] Command 'ap_source' returned 0; elapsed 0.102954Total elapsed time: 10.241 sec.
@I [HLS-100] Command "source /Xilinx/Vivado_HLS/2014.1/common/technology/xilinx/zynq/zynq_fpv6.gen "
@I [HLS-100] Command "source /Xilinx/Vivado_HLS/2014.1/common/technology/xilinx/common/xilinx_fpv6.gen "
@I [HLS-100] Command 'ap_source' returned 0; elapsed 0.000795Total elapsed time: 10.242 sec.
@I [HLS-100] Command 'ap_source' returned 0; elapsed 0.000865Total elapsed time: 10.242 sec.
@I [HLS-100] Command "source /D/xilinx_workspace/PL_AXI_DMA_Controller/solution1/.autopilot/db/global.setting.tcl "
@I [HLS-100] Command 'ap_source' returned 0; elapsed 0.000163Total elapsed time: 10.242 sec.
@I [HLS-100] Command "source /D/xilinx_workspace/PL_AXI_DMA_Controller/solution1/.autopilot/db/global.setting.tcl "
@I [HLS-100] Command 'ap_source' returned 0; elapsed 0.000168Total elapsed time: 10.243 sec.
@I [HLS-100] Command "source /D/xilinx_workspace/PL_AXI_DMA_Controller/solution1/.autopilot/db/global.setting.tcl "
@I [HLS-100] Command 'ap_source' returned 0; elapsed 0.000149Total elapsed time: 10.245 sec.
@I [HLS-100] Command "source /Xilinx/Vivado_HLS/2014.1/common/technology/generic/autopilot/common.gen "
@I [HLS-100] Command "source /Xilinx/Vivado_HLS/2014.1/common/technology/generic/autopilot/APCoreGen.gen "
@I [HLS-100] Command 'ap_source' returned 0; elapsed 0.000338Total elapsed time: 10.246 sec.
@I [HLS-100] Command 'ap_source' returned 0; elapsed 0.000737Total elapsed time: 10.246 sec.
@I [HLS-100] Command "source /Xilinx/Vivado_HLS/2014.1/common/technology/generic/autopilot/op.gen "
@I [HLS-100] Command 'ap_source' returned 0; elapsed 0.000178Total elapsed time: 10.247 sec.
@I [HLS-100] Command "source /Xilinx/Vivado_HLS/2014.1/common/technology/generic/autopilot/op_simcore.gen "
@I [HLS-100] Command 'ap_source' returned 0; elapsed 0.000481Total elapsed time: 10.247 sec.
@I [HLS-100] Command "source /Xilinx/Vivado_HLS/2014.1/common/technology/generic/autopilot/interface.gen "
@I [HLS-100] Command 'ap_source' returned 0; elapsed 5.5e-05Total elapsed time: 10.247 sec.
@I [HLS-100] Command "source /D/xilinx_workspace/PL_AXI_DMA_Controller/solution1/.autopilot/db/global.setting.tcl "
@I [HLS-100] Command 'ap_source' returned 0; elapsed 0.000138Total elapsed time: 10.247 sec.
@I [HLS-100] Command "source /Xilinx/Vivado_HLS/2014.1/common/technology/xilinx/zynq/zynq.gen "
@I [HLS-100] Command "source /Xilinx/Vivado_HLS/2014.1/common/technology/xilinx/common/virtex.gen "
@I [HLS-100] Command "source /Xilinx/Vivado_HLS/2014.1/common/technology/xilinx/common/xilinx.gen "
@I [HLS-100] Command "source /Xilinx/Vivado_HLS/2014.1/common/technology/xilinx/interface/plb46.gen "
@I [HLS-100] Command 'ap_source' returned 0; elapsed 0.000607Total elapsed time: 10.248 sec.
@I [HLS-100] Command "source /Xilinx/Vivado_HLS/2014.1/common/technology/xilinx/interface/fsl.gen "
@I [HLS-100] Command 'ap_source' returned 0; elapsed 0.000287Total elapsed time: 10.249 sec.
@I [HLS-100] Command "source /Xilinx/Vivado_HLS/2014.1/common/technology/xilinx/interface/axi4.gen "
@I [HLS-100] Command 'ap_source' returned 0; elapsed 0.001312Total elapsed time: 10.250 sec.
@I [HLS-100] Command "source /Xilinx/Vivado_HLS/2014.1/common/technology/xilinx/interface/nativeAXI4.gen "
@I [HLS-100] Command "source /Xilinx/Vivado_HLS/2014.1/common/technology/xilinx/interface/saxilite.gen "
@I [HLS-100] Command 'ap_source' returned 0; elapsed 0.0012Total elapsed time: 10.251 sec.
@I [HLS-100] Command "source /Xilinx/Vivado_HLS/2014.1/common/technology/xilinx/interface/maxi.gen "
@I [HLS-100] Command 'ap_source' returned 0; elapsed 0.001567Total elapsed time: 10.253 sec.
@I [HLS-100] Command 'ap_source' returned 0; elapsed 0.002864Total elapsed time: 10.253 sec.
@I [HLS-100] Command "source /Xilinx/Vivado_HLS/2014.1/common/technology/xilinx/scripts/xilinxcoregen.gen "
@I [HLS-100] Command 'ap_source' returned 0; elapsed 0.004457Total elapsed time: 10.257 sec.
@I [HLS-100] Command "source /Xilinx/Vivado_HLS/2014.1/common/technology/xilinx/interface/XilEDKCoreGen.gen "
@I [HLS-100] Command 'ap_source' returned 0; elapsed 0.004945Total elapsed time: 10.262 sec.
@I [HLS-100] Command "source /Xilinx/Vivado_HLS/2014.1/common/technology/xilinx/ip/util.gen "
@I [HLS-100] Command 'ap_source' returned 0; elapsed 7.6e-05Total elapsed time: 10.263 sec.
@I [HLS-100] Command "source /Xilinx/Vivado_HLS/2014.1/common/technology/xilinx/ip/xfft.gen "
@I [HLS-100] Command 'ap_source' returned 0; elapsed 0.065896Total elapsed time: 10.328 sec.
@I [HLS-100] Command "source /Xilinx/Vivado_HLS/2014.1/common/technology/xilinx/ip/xfir.gen "
@I [HLS-100] Command 'ap_source' returned 0; elapsed 0.016234Total elapsed time: 10.345 sec.
@I [HLS-100] Command 'ap_source' returned 0; elapsed 0.097086Total elapsed time: 10.345 sec.
@I [HLS-100] Command "source /Xilinx/Vivado_HLS/2014.1/common/technology/xilinx/common/dsp48.gen "
@I [HLS-100] Command 'ap_source' returned 0; elapsed 9.8e-05Total elapsed time: 10.346 sec.
@I [HLS-100] Command 'ap_source' returned 0; elapsed 0.098082Total elapsed time: 10.346 sec.
@I [HLS-100] Command 'ap_source' returned 0; elapsed 0.098149Total elapsed time: 10.346 sec.
@I [HLS-100] Command "source /Xilinx/Vivado_HLS/2014.1/common/technology/xilinx/zynq/zynq_fpv6.gen "
@I [HLS-100] Command "source /Xilinx/Vivado_HLS/2014.1/common/technology/xilinx/common/xilinx_fpv6.gen "
@I [HLS-100] Command 'ap_source' returned 0; elapsed 0.000785Total elapsed time: 10.347 sec.
@I [HLS-100] Command 'ap_source' returned 0; elapsed 0.000856Total elapsed time: 10.347 sec.
@I [HLS-100] Command "source /D/xilinx_workspace/PL_AXI_DMA_Controller/solution1/.autopilot/db/pl_axi_dma_controller.compgen.tcl "
@I [HLS-100] Command 'ap_source' returned 0; elapsed 0.000173Total elapsed time: 10.347 sec.
@I [HLS-100] Command "source /D/xilinx_workspace/PL_AXI_DMA_Controller/solution1/.autopilot/db/global.setting.tcl "
@I [HLS-100] Command 'ap_source' returned 0; elapsed 0.000147Total elapsed time: 10.362 sec.
@I [HLS-100] Command "source /D/xilinx_workspace/PL_AXI_DMA_Controller/solution1/.autopilot/db/pl_axi_dma_controller.constraint.tcl "
@I [HLS-100] Command 'ap_source' returned 0; elapsed 9.6e-05Total elapsed time: 10.363 sec.
@I [HLS-100] Command "source /Xilinx/Vivado_HLS/2014.1/common/technology/generic/autopilot/common.gen "
@I [HLS-100] Command "source /Xilinx/Vivado_HLS/2014.1/common/technology/generic/autopilot/APCoreGen.gen "
@I [HLS-100] Command 'ap_source' returned 0; elapsed 0.000339Total elapsed time: 10.364 sec.
@I [HLS-100] Command 'ap_source' returned 0; elapsed 0.00071Total elapsed time: 10.365 sec.
@I [HLS-100] Command "source /Xilinx/Vivado_HLS/2014.1/common/technology/generic/autopilot/op.gen "
@I [HLS-100] Command 'ap_source' returned 0; elapsed 0.000187Total elapsed time: 10.365 sec.
@I [HLS-100] Command "source /Xilinx/Vivado_HLS/2014.1/common/technology/generic/autopilot/op_simcore.gen "
@I [HLS-100] Command 'ap_source' returned 0; elapsed 0.000514Total elapsed time: 10.365 sec.
@I [HLS-100] Command "source /Xilinx/Vivado_HLS/2014.1/common/technology/generic/autopilot/interface.gen "
@I [HLS-100] Command 'ap_source' returned 0; elapsed 5.8e-05Total elapsed time: 10.365 sec.
@I [HLS-100] Command "source /D/xilinx_workspace/PL_AXI_DMA_Controller/solution1/.autopilot/db/global.setting.tcl "
@I [HLS-100] Command 'ap_source' returned 0; elapsed 0.000148Total elapsed time: 10.366 sec.
@I [HLS-100] Command "source /Xilinx/Vivado_HLS/2014.1/common/technology/xilinx/zynq/zynq.gen "
@I [HLS-100] Command "source /Xilinx/Vivado_HLS/2014.1/common/technology/xilinx/common/virtex.gen "
@I [HLS-100] Command "source /Xilinx/Vivado_HLS/2014.1/common/technology/xilinx/common/xilinx.gen "
@I [HLS-100] Command "source /Xilinx/Vivado_HLS/2014.1/common/technology/xilinx/interface/plb46.gen "
@I [HLS-100] Command 'ap_source' returned 0; elapsed 0.000629Total elapsed time: 10.367 sec.
@I [HLS-100] Command "source /Xilinx/Vivado_HLS/2014.1/common/technology/xilinx/interface/fsl.gen "
@I [HLS-100] Command 'ap_source' returned 0; elapsed 0.000289Total elapsed time: 10.367 sec.
@I [HLS-100] Command "source /Xilinx/Vivado_HLS/2014.1/common/technology/xilinx/interface/axi4.gen "
@I [HLS-100] Command 'ap_source' returned 0; elapsed 0.001318Total elapsed time: 10.368 sec.
@I [HLS-100] Command "source /Xilinx/Vivado_HLS/2014.1/common/technology/xilinx/interface/nativeAXI4.gen "
@I [HLS-100] Command "source /Xilinx/Vivado_HLS/2014.1/common/technology/xilinx/interface/saxilite.gen "
@I [HLS-100] Command 'ap_source' returned 0; elapsed 0.001237Total elapsed time: 10.370 sec.
@I [HLS-100] Command "source /Xilinx/Vivado_HLS/2014.1/common/technology/xilinx/interface/maxi.gen "
@I [HLS-100] Command 'ap_source' returned 0; elapsed 0.001568Total elapsed time: 10.371 sec.
@I [HLS-100] Command 'ap_source' returned 0; elapsed 0.002899Total elapsed time: 10.371 sec.
@I [HLS-100] Command "source /Xilinx/Vivado_HLS/2014.1/common/technology/xilinx/scripts/xilinxcoregen.gen "
@I [HLS-100] Command 'ap_source' returned 0; elapsed 0.00465Total elapsed time: 10.376 sec.
@I [HLS-100] Command "source /Xilinx/Vivado_HLS/2014.1/common/technology/xilinx/interface/XilEDKCoreGen.gen "
@I [HLS-100] Command 'ap_source' returned 0; elapsed 0.005025Total elapsed time: 10.381 sec.
@I [HLS-100] Command "source /Xilinx/Vivado_HLS/2014.1/common/technology/xilinx/ip/util.gen "
@I [HLS-100] Command 'ap_source' returned 0; elapsed 7.6e-05Total elapsed time: 10.381 sec.
@I [HLS-100] Command "source /Xilinx/Vivado_HLS/2014.1/common/technology/xilinx/ip/xfft.gen "
@I [HLS-100] Command 'ap_source' returned 0; elapsed 0.06767Total elapsed time: 10.449 sec.
@I [HLS-100] Command "source /Xilinx/Vivado_HLS/2014.1/common/technology/xilinx/ip/xfir.gen "
@I [HLS-100] Command 'ap_source' returned 0; elapsed 0.016144Total elapsed time: 10.465 sec.
@I [HLS-100] Command 'ap_source' returned 0; elapsed 0.099129Total elapsed time: 10.465 sec.
@I [HLS-100] Command "source /Xilinx/Vivado_HLS/2014.1/common/technology/xilinx/common/dsp48.gen "
@I [HLS-100] Command 'ap_source' returned 0; elapsed 9.6e-05Total elapsed time: 10.466 sec.
@I [HLS-100] Command 'ap_source' returned 0; elapsed 0.100106Total elapsed time: 10.466 sec.
@I [HLS-100] Command 'ap_source' returned 0; elapsed 0.100173Total elapsed time: 10.466 sec.
@I [HLS-100] Command "source /Xilinx/Vivado_HLS/2014.1/common/technology/xilinx/zynq/zynq_fpv6.gen "
@I [HLS-100] Command "source /Xilinx/Vivado_HLS/2014.1/common/technology/xilinx/common/xilinx_fpv6.gen "
@I [HLS-100] Command 'ap_source' returned 0; elapsed 0.000825Total elapsed time: 10.467 sec.
@I [HLS-100] Command 'ap_source' returned 0; elapsed 0.000895Total elapsed time: 10.467 sec.
@I [HLS-100] Command "source /D/xilinx_workspace/PL_AXI_DMA_Controller/solution1/.autopilot/db/global.setting.tcl "
@I [HLS-100] Command 'ap_source' returned 0; elapsed 0.000225Total elapsed time: 14.724 sec.
@I [HLS-100] Command "source /Xilinx/Vivado_HLS/2014.1/common/technology/generic/autopilot/common.gen "
@I [HLS-100] Command "source /Xilinx/Vivado_HLS/2014.1/common/technology/generic/autopilot/APCoreGen.gen "
@I [HLS-100] Command 'ap_source' returned 0; elapsed 0.000404Total elapsed time: 14.728 sec.
@I [HLS-100] Command 'ap_source' returned 0; elapsed 0.00088Total elapsed time: 14.728 sec.
@I [HLS-100] Command "source /Xilinx/Vivado_HLS/2014.1/common/technology/generic/autopilot/op.gen "
@I [HLS-100] Command 'ap_source' returned 0; elapsed 0.000221Total elapsed time: 14.728 sec.
@I [HLS-100] Command "source /Xilinx/Vivado_HLS/2014.1/common/technology/generic/autopilot/op_simcore.gen "
@I [HLS-100] Command 'ap_source' returned 0; elapsed 0.000591Total elapsed time: 14.729 sec.
@I [HLS-100] Command "source /Xilinx/Vivado_HLS/2014.1/common/technology/generic/autopilot/interface.gen "
@I [HLS-100] Command 'ap_source' returned 0; elapsed 7.1e-05Total elapsed time: 14.729 sec.
@I [HLS-100] Command "source /D/xilinx_workspace/PL_AXI_DMA_Controller/solution1/.autopilot/db/global.setting.tcl "
@I [HLS-100] Command 'ap_source' returned 0; elapsed 0.000154Total elapsed time: 14.729 sec.
@I [HLS-100] Command "source /Xilinx/Vivado_HLS/2014.1/common/technology/xilinx/zynq/zynq.gen "
@I [HLS-100] Command "source /Xilinx/Vivado_HLS/2014.1/common/technology/xilinx/common/virtex.gen "
@I [HLS-100] Command "source /Xilinx/Vivado_HLS/2014.1/common/technology/xilinx/common/xilinx.gen "
@I [HLS-100] Command "source /Xilinx/Vivado_HLS/2014.1/common/technology/xilinx/interface/plb46.gen "
@I [HLS-100] Command 'ap_source' returned 0; elapsed 0.000762Total elapsed time: 14.730 sec.
@I [HLS-100] Command "source /Xilinx/Vivado_HLS/2014.1/common/technology/xilinx/interface/fsl.gen "
@I [HLS-100] Command 'ap_source' returned 0; elapsed 0.000329Total elapsed time: 14.731 sec.
@I [HLS-100] Command "source /Xilinx/Vivado_HLS/2014.1/common/technology/xilinx/interface/axi4.gen "
@I [HLS-100] Command 'ap_source' returned 0; elapsed 0.001548Total elapsed time: 14.732 sec.
@I [HLS-100] Command "source /Xilinx/Vivado_HLS/2014.1/common/technology/xilinx/interface/nativeAXI4.gen "
@I [HLS-100] Command "source /Xilinx/Vivado_HLS/2014.1/common/technology/xilinx/interface/saxilite.gen "
@I [HLS-100] Command 'ap_source' returned 0; elapsed 0.001348Total elapsed time: 14.734 sec.
@I [HLS-100] Command "source /Xilinx/Vivado_HLS/2014.1/common/technology/xilinx/interface/maxi.gen "
@I [HLS-100] Command 'ap_source' returned 0; elapsed 0.001787Total elapsed time: 14.736 sec.
@I [HLS-100] Command 'ap_source' returned 0; elapsed 0.00324Total elapsed time: 14.736 sec.
@I [HLS-100] Command "source /Xilinx/Vivado_HLS/2014.1/common/technology/xilinx/scripts/xilinxcoregen.gen "
@I [HLS-100] Command 'ap_source' returned 0; elapsed 0.005187Total elapsed time: 14.741 sec.
@I [HLS-100] Command "source /Xilinx/Vivado_HLS/2014.1/common/technology/xilinx/interface/XilEDKCoreGen.gen "
@I [HLS-100] Command 'ap_source' returned 0; elapsed 0.005726Total elapsed time: 14.747 sec.
@I [HLS-100] Command "source /Xilinx/Vivado_HLS/2014.1/common/technology/xilinx/ip/util.gen "
@I [HLS-100] Command 'ap_source' returned 0; elapsed 8.7e-05Total elapsed time: 14.747 sec.
@I [HLS-100] Command "source /Xilinx/Vivado_HLS/2014.1/common/technology/xilinx/ip/xfft.gen "
@I [HLS-100] Command 'ap_source' returned 0; elapsed 0.074678Total elapsed time: 14.821 sec.
@I [HLS-100] Command "source /Xilinx/Vivado_HLS/2014.1/common/technology/xilinx/ip/xfir.gen "
@I [HLS-100] Command 'ap_source' returned 0; elapsed 0.017296Total elapsed time: 14.839 sec.
@I [HLS-100] Command 'ap_source' returned 0; elapsed 0.10929Total elapsed time: 14.839 sec.
@I [HLS-100] Command "source /Xilinx/Vivado_HLS/2014.1/common/technology/xilinx/common/dsp48.gen "
@I [HLS-100] Command 'ap_source' returned 0; elapsed 8.1e-05Total elapsed time: 14.840 sec.
@I [HLS-100] Command 'ap_source' returned 0; elapsed 0.110346Total elapsed time: 14.840 sec.
@I [HLS-100] Command 'ap_source' returned 0; elapsed 0.110421Total elapsed time: 14.840 sec.
@I [HLS-100] Command "source /Xilinx/Vivado_HLS/2014.1/common/technology/xilinx/zynq/zynq_fpv6.gen "
@I [HLS-100] Command "source /Xilinx/Vivado_HLS/2014.1/common/technology/xilinx/common/xilinx_fpv6.gen "
@I [HLS-100] Command 'ap_source' returned 0; elapsed 0.000796Total elapsed time: 14.841 sec.
@I [HLS-100] Command 'ap_source' returned 0; elapsed 0.000902Total elapsed time: 14.841 sec.
@I [HLS-100] Command "source /D/xilinx_workspace/PL_AXI_DMA_Controller/solution1/.autopilot/db/global.setting.tcl "
@I [HLS-100] Command 'ap_source' returned 0; elapsed 0.000658Total elapsed time: 14.842 sec.
@I [HLS-100] Command "source /D/xilinx_workspace/PL_AXI_DMA_Controller/solution1/.autopilot/db/global.setting.tcl "
@I [HLS-100] Command 'ap_source' returned 0; elapsed 0.000198Total elapsed time: 14.843 sec.
@I [HLS-100] Command "source /D/xilinx_workspace/PL_AXI_DMA_Controller/solution1/.autopilot/db/global.setting.tcl "
@I [HLS-100] Command 'ap_source' returned 0; elapsed 0.000182Total elapsed time: 14.845 sec.
@I [HLS-100] Command "source /Xilinx/Vivado_HLS/2014.1/common/technology/generic/autopilot/common.gen "
@I [HLS-100] Command "source /Xilinx/Vivado_HLS/2014.1/common/technology/generic/autopilot/APCoreGen.gen "
@I [HLS-100] Command 'ap_source' returned 0; elapsed 0.000449Total elapsed time: 14.846 sec.
@I [HLS-100] Command 'ap_source' returned 0; elapsed 0.000938Total elapsed time: 14.847 sec.
@I [HLS-100] Command "source /Xilinx/Vivado_HLS/2014.1/common/technology/generic/autopilot/op.gen "
@I [HLS-100] Command 'ap_source' returned 0; elapsed 0.000224Total elapsed time: 14.847 sec.
@I [HLS-100] Command "source /Xilinx/Vivado_HLS/2014.1/common/technology/generic/autopilot/op_simcore.gen "
@I [HLS-100] Command 'ap_source' returned 0; elapsed 0.000556Total elapsed time: 14.848 sec.
@I [HLS-100] Command "source /Xilinx/Vivado_HLS/2014.1/common/technology/generic/autopilot/interface.gen "
@I [HLS-100] Command 'ap_source' returned 0; elapsed 6.4e-05Total elapsed time: 14.848 sec.
@I [HLS-100] Command "source /D/xilinx_workspace/PL_AXI_DMA_Controller/solution1/.autopilot/db/global.setting.tcl "
@I [HLS-100] Command 'ap_source' returned 0; elapsed 0.000163Total elapsed time: 14.848 sec.
@I [HLS-100] Command "source /Xilinx/Vivado_HLS/2014.1/common/technology/xilinx/zynq/zynq.gen "
@I [HLS-100] Command "source /Xilinx/Vivado_HLS/2014.1/common/technology/xilinx/common/virtex.gen "
@I [HLS-100] Command "source /Xilinx/Vivado_HLS/2014.1/common/technology/xilinx/common/xilinx.gen "
@I [HLS-100] Command "source /Xilinx/Vivado_HLS/2014.1/common/technology/xilinx/interface/plb46.gen "
@I [HLS-100] Command 'ap_source' returned 0; elapsed 0.00068Total elapsed time: 14.849 sec.
@I [HLS-100] Command "source /Xilinx/Vivado_HLS/2014.1/common/technology/xilinx/interface/fsl.gen "
@I [HLS-100] Command 'ap_source' returned 0; elapsed 0.000331Total elapsed time: 14.849 sec.
@I [HLS-100] Command "source /Xilinx/Vivado_HLS/2014.1/common/technology/xilinx/interface/axi4.gen "
@I [HLS-100] Command 'ap_source' returned 0; elapsed 0.001437Total elapsed time: 14.851 sec.
@I [HLS-100] Command "source /Xilinx/Vivado_HLS/2014.1/common/technology/xilinx/interface/nativeAXI4.gen "
@I [HLS-100] Command "source /Xilinx/Vivado_HLS/2014.1/common/technology/xilinx/interface/saxilite.gen "
@I [HLS-100] Command 'ap_source' returned 0; elapsed 0.001281Total elapsed time: 14.852 sec.
@I [HLS-100] Command "source /Xilinx/Vivado_HLS/2014.1/common/technology/xilinx/interface/maxi.gen "
@I [HLS-100] Command 'ap_source' returned 0; elapsed 0.001677Total elapsed time: 14.854 sec.
@I [HLS-100] Command 'ap_source' returned 0; elapsed 0.003052Total elapsed time: 14.854 sec.
@I [HLS-100] Command "source /Xilinx/Vivado_HLS/2014.1/common/technology/xilinx/scripts/xilinxcoregen.gen "
@I [HLS-100] Command 'ap_source' returned 0; elapsed 0.004475Total elapsed time: 14.858 sec.
@I [HLS-100] Command "source /Xilinx/Vivado_HLS/2014.1/common/technology/xilinx/interface/XilEDKCoreGen.gen "
@I [HLS-100] Command 'ap_source' returned 0; elapsed 0.005563Total elapsed time: 14.864 sec.
@I [HLS-100] Command "source /Xilinx/Vivado_HLS/2014.1/common/technology/xilinx/ip/util.gen "
@I [HLS-100] Command 'ap_source' returned 0; elapsed 8.4e-05Total elapsed time: 14.864 sec.
@I [HLS-100] Command "source /Xilinx/Vivado_HLS/2014.1/common/technology/xilinx/ip/xfft.gen "
@I [HLS-100] Command 'ap_source' returned 0; elapsed 0.067366Total elapsed time: 14.932 sec.
@I [HLS-100] Command "source /Xilinx/Vivado_HLS/2014.1/common/technology/xilinx/ip/xfir.gen "
@I [HLS-100] Command 'ap_source' returned 0; elapsed 0.016429Total elapsed time: 14.948 sec.
@I [HLS-100] Command 'ap_source' returned 0; elapsed 0.099872Total elapsed time: 14.948 sec.
@I [HLS-100] Command "source /Xilinx/Vivado_HLS/2014.1/common/technology/xilinx/common/dsp48.gen "
@I [HLS-100] Command 'ap_source' returned 0; elapsed 9.4e-05Total elapsed time: 14.949 sec.
@I [HLS-100] Command 'ap_source' returned 0; elapsed 0.100889Total elapsed time: 14.949 sec.
@I [HLS-100] Command 'ap_source' returned 0; elapsed 0.10096Total elapsed time: 14.949 sec.
@I [HLS-100] Command "source /Xilinx/Vivado_HLS/2014.1/common/technology/xilinx/zynq/zynq_fpv6.gen "
@I [HLS-100] Command "source /Xilinx/Vivado_HLS/2014.1/common/technology/xilinx/common/xilinx_fpv6.gen "
@I [HLS-100] Command 'ap_source' returned 0; elapsed 0.000973Total elapsed time: 14.950 sec.
@I [HLS-100] Command 'ap_source' returned 0; elapsed 0.001058Total elapsed time: 14.950 sec.
@I [HLS-100] Command "source /D/xilinx_workspace/PL_AXI_DMA_Controller/solution1/.autopilot/db/pl_axi_dma_controller.compgen.tcl "
@I [HLS-100] Command 'ap_source' returned 0; elapsed 0.000176Total elapsed time: 14.951 sec.
@I [HLS-100] Command "source /D/xilinx_workspace/PL_AXI_DMA_Controller/solution1/.autopilot/db/global.setting.tcl "
@I [HLS-100] Command 'ap_source' returned 0; elapsed 0.000169Total elapsed time: 14.966 sec.
@I [HLS-100] Command "source /D/xilinx_workspace/PL_AXI_DMA_Controller/solution1/.autopilot/db/pl_axi_dma_controller.constraint.tcl "
@I [HLS-100] Command 'ap_source' returned 0; elapsed 0.0001Total elapsed time: 14.967 sec.
@I [HLS-100] Command "source /Xilinx/Vivado_HLS/2014.1/common/technology/generic/autopilot/common.gen "
@I [HLS-100] Command "source /Xilinx/Vivado_HLS/2014.1/common/technology/generic/autopilot/APCoreGen.gen "
@I [HLS-100] Command 'ap_source' returned 0; elapsed 0.000346Total elapsed time: 14.968 sec.
@I [HLS-100] Command 'ap_source' returned 0; elapsed 0.000746Total elapsed time: 14.968 sec.
@I [HLS-100] Command "source /Xilinx/Vivado_HLS/2014.1/common/technology/generic/autopilot/op.gen "
@I [HLS-100] Command 'ap_source' returned 0; elapsed 0.000194Total elapsed time: 14.969 sec.
@I [HLS-100] Command "source /Xilinx/Vivado_HLS/2014.1/common/technology/generic/autopilot/op_simcore.gen "
@I [HLS-100] Command 'ap_source' returned 0; elapsed 0.000555Total elapsed time: 14.969 sec.
@I [HLS-100] Command "source /Xilinx/Vivado_HLS/2014.1/common/technology/generic/autopilot/interface.gen "
@I [HLS-100] Command 'ap_source' returned 0; elapsed 5.9e-05Total elapsed time: 14.969 sec.
@I [HLS-100] Command "source /D/xilinx_workspace/PL_AXI_DMA_Controller/solution1/.autopilot/db/global.setting.tcl "
@I [HLS-100] Command 'ap_source' returned 0; elapsed 0.000141Total elapsed time: 14.970 sec.
@I [HLS-100] Command "source /Xilinx/Vivado_HLS/2014.1/common/technology/xilinx/zynq/zynq.gen "
@I [HLS-100] Command "source /Xilinx/Vivado_HLS/2014.1/common/technology/xilinx/common/virtex.gen "
@I [HLS-100] Command "source /Xilinx/Vivado_HLS/2014.1/common/technology/xilinx/common/xilinx.gen "
@I [HLS-100] Command "source /Xilinx/Vivado_HLS/2014.1/common/technology/xilinx/interface/plb46.gen "
@I [HLS-100] Command 'ap_source' returned 0; elapsed 0.000628Total elapsed time: 14.970 sec.
@I [HLS-100] Command "source /Xilinx/Vivado_HLS/2014.1/common/technology/xilinx/interface/fsl.gen "
@I [HLS-100] Command 'ap_source' returned 0; elapsed 0.000287Total elapsed time: 14.971 sec.
@I [HLS-100] Command "source /Xilinx/Vivado_HLS/2014.1/common/technology/xilinx/interface/axi4.gen "
@I [HLS-100] Command 'ap_source' returned 0; elapsed 0.001314Total elapsed time: 14.972 sec.
@I [HLS-100] Command "source /Xilinx/Vivado_HLS/2014.1/common/technology/xilinx/interface/nativeAXI4.gen "
@I [HLS-100] Command "source /Xilinx/Vivado_HLS/2014.1/common/technology/xilinx/interface/saxilite.gen "
@I [HLS-100] Command 'ap_source' returned 0; elapsed 0.001209Total elapsed time: 14.973 sec.
@I [HLS-100] Command "source /Xilinx/Vivado_HLS/2014.1/common/technology/xilinx/interface/maxi.gen "
@I [HLS-100] Command 'ap_source' returned 0; elapsed 0.001674Total elapsed time: 14.975 sec.
@I [HLS-100] Command 'ap_source' returned 0; elapsed 0.002995Total elapsed time: 14.975 sec.
@I [HLS-100] Command "source /Xilinx/Vivado_HLS/2014.1/common/technology/xilinx/scripts/xilinxcoregen.gen "
@I [HLS-100] Command 'ap_source' returned 0; elapsed 0.004593Total elapsed time: 14.980 sec.
@I [HLS-100] Command "source /Xilinx/Vivado_HLS/2014.1/common/technology/xilinx/interface/XilEDKCoreGen.gen "
@I [HLS-100] Command 'ap_source' returned 0; elapsed 0.005169Total elapsed time: 14.985 sec.
@I [HLS-100] Command "source /Xilinx/Vivado_HLS/2014.1/common/technology/xilinx/ip/util.gen "
@I [HLS-100] Command 'ap_source' returned 0; elapsed 8.8e-05Total elapsed time: 14.985 sec.
@I [HLS-100] Command "source /Xilinx/Vivado_HLS/2014.1/common/technology/xilinx/ip/xfft.gen "
@I [HLS-100] Command 'ap_source' returned 0; elapsed 0.067262Total elapsed time: 15.52 sec.
@I [HLS-100] Command "source /Xilinx/Vivado_HLS/2014.1/common/technology/xilinx/ip/xfir.gen "
@I [HLS-100] Command 'ap_source' returned 0; elapsed 0.016846Total elapsed time: 15.69 sec.
@I [HLS-100] Command 'ap_source' returned 0; elapsed 0.099611Total elapsed time: 15.69 sec.
@I [HLS-100] Command "source /Xilinx/Vivado_HLS/2014.1/common/technology/xilinx/common/dsp48.gen "
@I [HLS-100] Command 'ap_source' returned 0; elapsed 9.4e-05Total elapsed time: 15.70 sec.
@I [HLS-100] Command 'ap_source' returned 0; elapsed 0.100616Total elapsed time: 15.70 sec.
@I [HLS-100] Command 'ap_source' returned 0; elapsed 0.100686Total elapsed time: 15.70 sec.
@I [HLS-100] Command "source /Xilinx/Vivado_HLS/2014.1/common/technology/xilinx/zynq/zynq_fpv6.gen "
@I [HLS-100] Command "source /Xilinx/Vivado_HLS/2014.1/common/technology/xilinx/common/xilinx_fpv6.gen "
@I [HLS-100] Command 'ap_source' returned 0; elapsed 0.000796Total elapsed time: 15.71 sec.
@I [HLS-100] Command 'ap_source' returned 0; elapsed 0.000869Total elapsed time: 15.71 sec.
@I [HLS-100] Command 'export_design' returned 0; elapsed 1.19872Total elapsed time: 20.114 sec.
@I [HLS-100] Command "cleanup_all "
@I [HLS-100] Command 'cleanup_all' returned 0; elapsed 0.000372Total elapsed time: 20.114 sec.
